<?xml version='1.0' encoding='UTF-8'?>
<testsuite hostname="AdamLaptop" name="CruisePricingTest" tests="7" errors="0" failures="0" skipped="0" time="0.038" timestamp="2024-06-02T22:55:39">
          <properties>
[...]
</properties>
          <testcase classname="CruisePricingTest" name="getBestGroupPrices should return the best prices for each rate group" time="0.038">
                      
                    </testcase><testcase classname="CruisePricingTest" name="getBestGroupPrices should handle cases where there are no rates" time="0.0">
                      
                    </testcase><testcase classname="CruisePricingTest" name="getBestGroupPrices should handle cases where there are no prices" time="0.0">
                      
                    </testcase><testcase classname="CruisePricingTest" name="getBestGroupPrices should handle cases where some rates have no corresponding prices" time="0.0">
                      
                    </testcase><testcase classname="CruisePricingTest" name="getBestGroupPrices should handle cases where some prices have no corresponding rates" time="0.0">
                      
                    </testcase><testcase classname="CruisePricingTest" name="getBestGroupPrices should handle cases where multiple cabins have prices for the same rate groups" time="0.0">
                      
                    </testcase><testcase classname="CruisePricingTest" name="getBestGroupPrices should handle cases with multiple prices for the same cabin and rate group" time="0.0">
                      
                    </testcase>
          <system-out><![CDATA[]]></system-out>
          <system-err><![CDATA[]]></system-err>
        </testsuite>